[I 2026-03-07 11:27:15,638] Trial 45 finished with value: 0.5066151540014479 and parameters: {'input_net_dropout': 0.25, 'internal_dimensions': 64, 'num_edge_convs': 7, 'gnn_step_dropout': 0.1, 'classifier_dropout': 0.2, 'lr_start': 0.003232772777206515, 'l2_reg': 0.0029170425200198626}. Best is trial 33 with value: 0.4291813532511393.
Initialized GNNModel with: internal_dimensions=64 , num_edge_convs=4 , gnn_step_dropout=0.10, classifier_dropout=0.50. Trainable parameters: 111041
Epoch 001/005 | Train Loss: 0.7049 | Val Loss: 0.6921 | Val AUROC: 0.6054 | LR: 0.001623
Epoch 002/005 | Train Loss: 0.6860 | Val Loss: 0.6706 | Val AUROC: 0.6276 | LR: 0.001623
Epoch 003/005 | Train Loss: 0.6668 | Val Loss: 0.6486 | Val AUROC: 0.6554 | LR: 0.001623
Epoch 004/005 | Train Loss: 0.6436 | Val Loss: 0.5927 | Val AUROC: 0.7208 | LR: 0.001623
Epoch 005/005 | Train Loss: 0.6090 | Val Loss: 0.5806 | Val AUROC: 0.7800 | LR: 0.001623
[I 2026-03-07 11:35:22,081] Trial 46 finished with value: 0.5805586374600729 and parameters: {'input_net_dropout': 0.1, 'internal_dimensions': 64, 'num_edge_convs': 4, 'gnn_step_dropout': 0.1, 'classifier_dropout': 0.5, 'lr_start': 0.0016229807147653682, 'l2_reg': 0.0016465554831432076}. Best is trial 33 with value: 0.4291813532511393.
Initialized GNNModel with: internal_dimensions=64 , num_edge_convs=5 , gnn_step_dropout=0.10, classifier_dropout=0.10. Trainable parameters: 132097
Epoch 001/005 | Train Loss: 0.6754 | Val Loss: 0.6921 | Val AUROC: 0.6988 | LR: 0.000643


33
26
25
1

33
Initialized GNNModel with: internal_dimensions=64 , num_edge_convs=5 , gnn_step_dropout=0.10, classifier_dropout=0.10. Trainable parameters: 132097
Epoch 001/005 | Train Loss: 0.6750 | Val Loss: 0.6289 | Val AUROC: 0.6941 | LR: 0.001183
Epoch 002/005 | Train Loss: 0.5574 | Val Loss: 0.4768 | Val AUROC: 0.8575 | LR: 0.001183
Epoch 003/005 | Train Loss: 0.4966 | Val Loss: 0.4601 | Val AUROC: 0.8729 | LR: 0.001183
Epoch 004/005 | Train Loss: 0.4619 | Val Loss: 0.4351 | Val AUROC: 0.8845 | LR: 0.001183
Epoch 005/005 | Train Loss: 0.4399 | Val Loss: 0.4292 | Val AUROC: 0.9000 | LR: 0.001183
[I 2026-03-07 08:10:18,742] Trial 33 finished with value: 0.4291813532511393 and parameters: {'input_net_dropout': 0.05, 'internal_dimensions': 64, 'num_edge_convs': 5, 'gnn_step_dropout': 0.1, 'classifier_dropout': 0.1, 'lr_start': 0.001183371058248967, 'l2_reg': 0.0034603907242824134}. Best is trial 33 with value: 0.4291813532511393.

26
Initialized GNNModel with: internal_dimensions=64 , num_edge_convs=5 , gnn_step_dropout=0.10, classifier_dropout=0.10. Trainable parameters: 132097
Epoch 001/005 | Train Loss: 0.6694 | Val Loss: 0.6260 | Val AUROC: 0.7053 | LR: 0.001064
Epoch 002/005 | Train Loss: 0.5948 | Val Loss: 0.5588 | Val AUROC: 0.7866 | LR: 0.001064
Epoch 003/005 | Train Loss: 0.5311 | Val Loss: 0.4903 | Val AUROC: 0.8638 | LR: 0.001064
Epoch 004/005 | Train Loss: 0.4972 | Val Loss: 0.4470 | Val AUROC: 0.8766 | LR: 0.001064
Epoch 005/005 | Train Loss: 0.4528 | Val Loss: 0.4491 | Val AUROC: 0.8762 | LR: 0.001064
[I 2026-03-07 07:04:39,746] Trial 26 finished with value: 0.4470297316710154 and parameters: {'input_net_dropout': 0.05, 'internal_dimensions': 64, 'num_edge_convs': 5, 'gnn_step_dropout': 0.1, 'classifier_dropout': 0.1, 'lr_start': 0.0010641894413176002, 'l2_reg': 0.008975219477587861}. Best is trial 26 with value: 0.4470297316710154.

25
Initialized GNNModel with: internal_dimensions=64 , num_edge_convs=5 , gnn_step_dropout=0.20, classifier_dropout=0.10. Trainable parameters: 132097
Epoch 001/005 | Train Loss: 0.6705 | Val Loss: 0.6415 | Val AUROC: 0.6514 | LR: 0.002465
Epoch 002/005 | Train Loss: 0.6081 | Val Loss: 0.5588 | Val AUROC: 0.7893 | LR: 0.002465
Epoch 003/005 | Train Loss: 0.5326 | Val Loss: 0.4773 | Val AUROC: 0.8561 | LR: 0.002465
Epoch 004/005 | Train Loss: 0.4877 | Val Loss: 0.5806 | Val AUROC: 0.8405 | LR: 0.002465
Epoch 005/005 | Train Loss: 0.4636 | Val Loss: 0.5064 | Val AUROC: 0.8453 | LR: 0.002465
[I 2026-03-07 06:55:14,037] Trial 25 finished with value: 0.4773211587005191 and parameters: {'input_net_dropout': 0.05, 'internal_dimensions': 64, 'num_edge_convs': 5, 'gnn_step_dropout': 0.2, 'classifier_dropout': 0.1, 'lr_start': 0.0024650494236688972, 'l2_reg': 0.009544922033070625}. Best is trial 25 with value: 0.4773211587005191.

1
Initialized GNNModel with: internal_dimensions=32 , num_edge_convs=3 , gnn_step_dropout=0.10, classifier_dropout=0.10. Trainable parameters: 23233
Epoch 001/005 | Train Loss: 0.6512 | Val Loss: 0.5607 | Val AUROC: 0.7903 | LR: 0.001275
Epoch 002/005 | Train Loss: 0.5556 | Val Loss: 0.6469 | Val AUROC: 0.7838 | LR: 0.001275
Epoch 003/005 | Train Loss: 0.5121 | Val Loss: 0.4941 | Val AUROC: 0.8673 | LR: 0.001275
Epoch 004/005 | Train Loss: 0.4936 | Val Loss: 0.5416 | Val AUROC: 0.8577 | LR: 0.001275
Epoch 005/005 | Train Loss: 0.4744 | Val Loss: 0.4782 | Val AUROC: 0.8609 | LR: 0.001275
[I 2026-03-07 00:26:14,551] Trial 1 finished with value: 0.4782316610283322 and parameters: {'input_net_dropout': 0.0, 'internal_dimensions': 32, 'num_edge_convs': 3, 'gnn_step_dropout': 0.1, 'classifier_dropout': 0.1, 'lr_start': 0.0012750205470426156, 'l2_reg': 0.00027105896122657806}. Best is trial 1 with value: 0.4782316610283322.
