[I 2026-03-07 06:37:12,855] Trial 22 finished with value: 0.5129520406193203 and parameters: {'input_net_dropout': 0.05, 'internal_dimensions': 32, 'num_edge_convs': 3, 'gnn_step_dropout': 0.30000000000000004, 'classifier_dropout': 0.2, 'lr_start': 0.0037144270959466492, 'l2_reg': 0.0005892320685800844}. Best is trial 1 with value: 0.4782316610283322.
Initialized GNNModel with: internal_dimensions=32 , num_edge_convs=4 , gnn_step_dropout=0.30, classifier_dropout=0.10. Trainable parameters: 28641
Epoch 001/005 | Train Loss: 0.6743 | Val Loss: 0.6472 | Val AUROC: 0.6859 | LR: 0.001901
Epoch 002/005 | Train Loss: 0.6151 | Val Loss: 0.5737 | Val AUROC: 0.7884 | LR: 0.001901
Epoch 003/005 | Train Loss: 0.5411 | Val Loss: 0.7347 | Val AUROC: 0.7890 | LR: 0.001901
Epoch 004/005 | Train Loss: 0.5063 | Val Loss: 1.0267 | Val AUROC: 0.7179 | LR: 0.001901
Epoch 005/005 | Train Loss: 0.4779 | Val Loss: 0.8288 | Val AUROC: 0.7683 | LR: 0.001901
[I 2026-03-07 06:41:59,758] Trial 23 finished with value: 0.5737343431048924 and parameters: {'input_net_dropout': 0.0, 'internal_dimensions': 32, 'num_edge_convs': 4, 'gnn_step_dropout': 0.30000000000000004, 'classifier_dropout': 0.1, 'lr_start': 0.0019014113011327697, 'l2_reg': 0.0025533215587583533}. Best is trial 1 with value: 0.4782316610283322.
Initialized GNNModel with: internal_dimensions=32 , num_edge_convs=2 , gnn_step_dropout=0.40, classifier_dropout=0.20. Trainable parameters: 17825
Epoch 001/005 | Train Loss: 0.6751 | Val Loss: 0.6561 | Val AUROC: 0.6392 | LR: 0.006878
Epoch 002/005 | Train Loss: 0.6644 | Val Loss: 0.6246 | Val AUROC: 0.6697 | LR: 0.006878
Epoch 003/005 | Train Loss: 0.6322 | Val Loss: 0.6058 | Val AUROC: 0.7363 | LR: 0.006878
Epoch 004/005 | Train Loss: 0.6224 | Val Loss: 0.5893 | Val AUROC: 0.7427 | LR: 0.006878
Epoch 005/005 | Train Loss: 0.6074 | Val Loss: 0.6175 | Val AUROC: 0.7464 | LR: 0.006878
[I 2026-03-07 06:45:58,058] Trial 24 finished with value: 0.5893058567047119 and parameters: {'input_net_dropout': 0.0, 'internal_dimensions': 32, 'num_edge_convs': 2, 'gnn_step_dropout': 0.4, 'classifier_dropout': 0.2, 'lr_start': 0.00687823955545553, 'l2_reg': 0.005883513610058599}. Best is trial 1 with value: 0.4782316610283322.
Initialized GNNModel with: internal_dimensions=64 , num_edge_convs=5 , gnn_step_dropout=0.20, classifier_dropout=0.10. Trainable parameters: 132097
Epoch 001/005 | Train Loss: 0.6705 | Val Loss: 0.6415 | Val AUROC: 0.6514 | LR: 0.002465
Epoch 002/005 | Train Loss: 0.6081 | Val Loss: 0.5588 | Val AUROC: 0.7893 | LR: 0.002465
Epoch 003/005 | Train Loss: 0.5326 | Val Loss: 0.4773 | Val AUROC: 0.8561 | LR: 0.002465
Epoch 004/005 | Train Loss: 0.4877 | Val Loss: 0.5806 | Val AUROC: 0.8405 | LR: 0.002465
Epoch 005/005 | Train Loss: 0.4636 | Val Loss: 0.5064 | Val AUROC: 0.8453 | LR: 0.002465
[I 2026-03-07 06:55:14,037] Trial 25 finished with value: 0.4773211587005191 and parameters: {'input_net_dropout': 0.05, 'internal_dimensions': 64, 'num_edge_convs': 5, 'gnn_step_dropout': 0.2, 'classifier_dropout': 0.1, 'lr_start': 0.0024650494236688972, 'l2_reg': 0.009544922033070625}. Best is trial 25 with value: 0.4773211587005191.
Initialized GNNModel with: internal_dimensions=64 , num_edge_convs=5 , gnn_step_dropout=0.10, classifier_dropout=0.10. Trainable parameters: 132097
Epoch 001/005 | Train Loss: 0.6694 | Val Loss: 0.6260 | Val AUROC: 0.7053 | LR: 0.001064
Epoch 002/005 | Train Loss: 0.5948 | Val Loss: 0.5588 | Val AUROC: 0.7866 | LR: 0.001064
Epoch 003/005 | Train Loss: 0.5311 | Val Loss: 0.4903 | Val AUROC: 0.8638 | LR: 0.001064
Epoch 004/005 | Train Loss: 0.4972 | Val Loss: 0.4470 | Val AUROC: 0.8766 | LR: 0.001064
Epoch 005/005 | Train Loss: 0.4528 | Val Loss: 0.4491 | Val AUROC: 0.8762 | LR: 0.001064
[I 2026-03-07 07:04:39,746] Trial 26 finished with value: 0.4470297316710154 and parameters: {'input_net_dropout': 0.05, 'internal_dimensions': 64, 'num_edge_convs': 5, 'gnn_step_dropout': 0.1, 'classifier_dropout': 0.1, 'lr_start': 0.0010641894413176002, 'l2_reg': 0.008975219477587861}. Best is trial 26 with value: 0.4470297316710154.
Initialized GNNModel with: internal_dimensions=64 , num_edge_convs=6 , gnn_step_dropout=0.10, classifier_dropout=0.10. Trainable parameters: 153153
Epoch 001/005 | Train Loss: 0.6698 | Val Loss: 0.6160 | Val AUROC: 0.7233 | LR: 0.001039
Epoch 002/005 | Train Loss: 0.5780 | Val Loss: 0.5280 | Val AUROC: 0.8303 | LR: 0.001039
Epoch 003/005 | Train Loss: 0.5070 | Val Loss: 0.5067 | Val AUROC: 0.8674 | LR: 0.001039
Epoch 004/005 | Train Loss: 0.4788 | Val Loss: 0.5216 | Val AUROC: 0.8822 | LR: 0.001039
Epoch 005/005 | Train Loss: 0.4522 | Val Loss: 0.5037 | Val AUROC: 0.8655 | LR: 0.001039
[I 2026-03-07 07:14:48,941] Trial 27 finished with value: 0.5036523576047686 and parameters: {'input_net_dropout': 0.1, 'internal_dimensions': 64, 'num_edge_convs': 6, 'gnn_step_dropout': 0.1, 'classifier_dropout': 0.1, 'lr_start': 0.0010394204005117465, 'l2_reg': 0.009930728469527075}. Best is trial 26 with value: 0.4470297316710154.
Initialized GNNModel with: internal_dimensions=64 , num_edge_convs=5 , gnn_step_dropout=0.10, classifier_dropout=0.10. Trainable parameters: 132097
Epoch 001/005 | Train Loss: 0.6680 | Val Loss: 0.6503 | Val AUROC: 0.6686 | LR: 0.002149
Epoch 002/005 | Train Loss: 0.6107 | Val Loss: 0.5631 | Val AUROC: 0.7774 | LR: 0.002149
Epoch 003/005 | Train Loss: 0.5350 | Val Loss: 0.4609 | Val AUROC: 0.8640 | LR: 0.002149
Epoch 004/005 | Train Loss: 0.4774 | Val Loss: 0.4563 | Val AUROC: 0.8762 | LR: 0.002149
Epoch 005/005 | Train Loss: 0.4444 | Val Loss: 0.5202 | Val AUROC: 0.8814 | LR: 0.002149
[I 2026-03-07 07:23:44,741] Trial 28 finished with value: 0.4562894762886895 and parameters: {'input_net_dropout': 0.05, 'internal_dimensions': 64, 'num_edge_convs': 5, 'gnn_step_dropout': 0.1, 'classifier_dropout': 0.1, 'lr_start': 0.002148630438574693, 'l2_reg': 0.009801645893588087}. Best is trial 26 with value: 0.4470297316710154.
Initialized GNNModel with: internal_dimensions=64 , num_edge_convs=5 , gnn_step_dropout=0.20, classifier_dropout=0.10. Trainable parameters: 132097
Epoch 001/005 | Train Loss: 0.6681 | Val Loss: 0.6958 | Val AUROC: 0.7128 | LR: 0.002226
Epoch 002/005 | Train Loss: 0.5842 | Val Loss: 0.5367 | Val AUROC: 0.8079 | LR: 0.002226
Epoch 003/005 | Train Loss: 0.5096 | Val Loss: 0.8557 | Val AUROC: 0.8130 | LR: 0.002226
Epoch 004/005 | Train Loss: 0.4826 | Val Loss: 0.9477 | Val AUROC: 0.7787 | LR: 0.002226
Epoch 005/005 | Train Loss: 0.4618 | Val Loss: 0.8051 | Val AUROC: 0.8337 | LR: 0.002226
[I 2026-03-07 07:32:52,843] Trial 29 finished with value: 0.5366923484272427 and parameters: {'input_net_dropout': 0.1, 'internal_dimensions': 64, 'num_edge_convs': 5, 'gnn_step_dropout': 0.2, 'classifier_dropout': 0.1, 'lr_start': 0.00222609286840591, 'l2_reg': 0.00928373109307837}. Best is trial 26 with value: 0.4470297316710154.
Initialized GNNModel with: internal_dimensions=64 , num_edge_convs=6 , gnn_step_dropout=0.20, classifier_dropout=0.10. Trainable parameters: 153153
Epoch 001/005 | Train Loss: 0.6767 | Val Loss: 0.7463 | Val AUROC: 0.6507 | LR: 0.000783
Epoch 002/005 | Train Loss: 0.6200 | Val Loss: 0.6423 | Val AUROC: 0.7557 | LR: 0.000783
Epoch 003/005 | Train Loss: 0.5515 | Val Loss: 0.9035 | Val AUROC: 0.6753 | LR: 0.000783
Epoch 004/005 | Train Loss: 0.5076 | Val Loss: 1.0074 | Val AUROC: 0.6267 | LR: 0.000783
Epoch 005/005 | Train Loss: 0.4840 | Val Loss: 0.7572 | Val AUROC: 0.7855 | LR: 0.000783
[I 2026-03-07 07:42:47,659] Trial 30 finished with value: 0.6423306619856093 and parameters: {'input_net_dropout': 0.15000000000000002, 'internal_dimensions': 64, 'num_edge_convs': 6, 'gnn_step_dropout': 0.2, 'classifier_dropout': 0.1, 'lr_start': 0.0007829321332129441, 'l2_reg': 0.004005705653973872}. Best is trial 26 with value: 0.4470297316710154.
Initialized GNNModel with: internal_dimensions=64 , num_edge_convs=5 , gnn_step_dropout=0.10, classifier_dropout=0.10. Trainable parameters: 132097
Epoch 001/005 | Train Loss: 0.6729 | Val Loss: 0.6270 | Val AUROC: 0.6993 | LR: 0.001278
Epoch 002/005 | Train Loss: 0.6019 | Val Loss: 0.6471 | Val AUROC: 0.7802 | LR: 0.001278
Epoch 003/005 | Train Loss: 0.5266 | Val Loss: 0.5410 | Val AUROC: 0.8369 | LR: 0.001278
Epoch 004/005 | Train Loss: 0.4740 | Val Loss: 0.4839 | Val AUROC: 0.8626 | LR: 0.001278
Epoch 005/005 | Train Loss: 0.4507 | Val Loss: 0.4592 | Val AUROC: 0.8890 | LR: 0.001278
[I 2026-03-07 07:51:55,088] Trial 31 finished with value: 0.4592049340142144 and parameters: {'input_net_dropout': 0.05, 'internal_dimensions': 64, 'num_edge_convs': 5, 'gnn_step_dropout': 0.1, 'classifier_dropout': 0.1, 'lr_start': 0.0012778393099592011, 'l2_reg': 0.0055660190815544726}. Best is trial 26 with value: 0.4470297316710154.
Initialized GNNModel with: internal_dimensions=64 , num_edge_convs=5 , gnn_step_dropout=0.10, classifier_dropout=0.10. Trainable parameters: 132097
Epoch 001/005 | Train Loss: 0.6738 | Val Loss: 0.6443 | Val AUROC: 0.6812 | LR: 0.002235
Epoch 002/005 | Train Loss: 0.6205 | Val Loss: 0.5788 | Val AUROC: 0.7671 | LR: 0.002235
Epoch 003/005 | Train Loss: 0.5449 | Val Loss: 0.5995 | Val AUROC: 0.8406 | LR: 0.002235
Epoch 004/005 | Train Loss: 0.4951 | Val Loss: 0.6516 | Val AUROC: 0.8308 | LR: 0.002235
Epoch 005/005 | Train Loss: 0.4676 | Val Loss: 0.4791 | Val AUROC: 0.8773 | LR: 0.002235
[I 2026-03-07 08:00:52,693] Trial 32 finished with value: 0.4791358067194621 and parameters: {'input_net_dropout': 0.05, 'internal_dimensions': 64, 'num_edge_convs': 5, 'gnn_step_dropout': 0.1, 'classifier_dropout': 0.1, 'lr_start': 0.002234968397230346, 'l2_reg': 0.005566444180354275}. Best is trial 26 with value: 0.4470297316710154.
Initialized GNNModel with: internal_dimensions=64 , num_edge_convs=5 , gnn_step_dropout=0.10, classifier_dropout=0.10. Trainable parameters: 132097
Epoch 001/005 | Train Loss: 0.6750 | Val Loss: 0.6289 | Val AUROC: 0.6941 | LR: 0.001183
Epoch 002/005 | Train Loss: 0.5574 | Val Loss: 0.4768 | Val AUROC: 0.8575 | LR: 0.001183
Epoch 003/005 | Train Loss: 0.4966 | Val Loss: 0.4601 | Val AUROC: 0.8729 | LR: 0.001183
Epoch 004/005 | Train Loss: 0.4619 | Val Loss: 0.4351 | Val AUROC: 0.8845 | LR: 0.001183
Epoch 005/005 | Train Loss: 0.4399 | Val Loss: 0.4292 | Val AUROC: 0.9000 | LR: 0.001183
[I 2026-03-07 08:10:18,742] Trial 33 finished with value: 0.4291813532511393 and parameters: {'input_net_dropout': 0.05, 'internal_dimensions': 64, 'num_edge_convs': 5, 'gnn_step_dropout': 0.1, 'classifier_dropout': 0.1, 'lr_start': 0.001183371058248967, 'l2_reg': 0.0034603907242824134}. Best is trial 33 with value: 0.4291813532511393.
Initialized GNNModel with: internal_dimensions=64 , num_edge_convs=6 , gnn_step_dropout=0.10, classifier_dropout=0.10. Trainable parameters: 153153
Epoch 001/005 | Train Loss: 0.6761 | Val Loss: 0.6413 | Val AUROC: 0.6787 | LR: 0.000663
Epoch 002/005 | Train Loss: 0.5968 | Val Loss: 0.5656 | Val AUROC: 0.8042 | LR: 0.000663
Epoch 003/005 | Train Loss: 0.5431 | Val Loss: 0.6257 | Val AUROC: 0.7741 | LR: 0.000663
Epoch 004/005 | Train Loss: 0.5009 | Val Loss: 0.8489 | Val AUROC: 0.7549 | LR: 0.000663
Epoch 005/005 | Train Loss: 0.4742 | Val Loss: 0.8306 | Val AUROC: 0.8107 | LR: 0.000663
[I 2026-03-07 08:21:07,086] Trial 34 finished with value: 0.5656137602594163 and parameters: {'input_net_dropout': 0.1, 'internal_dimensions': 64, 'num_edge_convs': 6, 'gnn_step_dropout': 0.1, 'classifier_dropout': 0.1, 'lr_start': 0.0006630880999769213, 'l2_reg': 0.0032502729992656882}. Best is trial 33 with value: 0.4291813532511393.
Initialized GNNModel with: internal_dimensions=64 , num_edge_convs=7 , gnn_step_dropout=0.10, classifier_dropout=0.10. Trainable parameters: 174209
Epoch 001/005 | Train Loss: 0.6692 | Val Loss: 0.6073 | Val AUROC: 0.7023 | LR: 0.001245
Epoch 002/005 | Train Loss: 0.5958 | Val Loss: 0.5465 | Val AUROC: 0.7974 | LR: 0.001245
Epoch 003/005 | Train Loss: 0.5348 | Val Loss: 0.7811 | Val AUROC: 0.7671 | LR: 0.001245
Epoch 004/005 | Train Loss: 0.4873 | Val Loss: 0.8275 | Val AUROC: 0.8079 | LR: 0.001245
Epoch 005/005 | Train Loss: 0.4572 | Val Loss: 0.5048 | Val AUROC: 0.8745 | LR: 0.001245
[I 2026-03-07 08:33:10,239] Trial 35 finished with value: 0.5048424160745408 and parameters: {'input_net_dropout': 0.1, 'internal_dimensions': 64, 'num_edge_convs': 7, 'gnn_step_dropout': 0.1, 'classifier_dropout': 0.1, 'lr_start': 0.0012454616742813582, 'l2_reg': 0.006341582106290413}. Best is trial 33 with value: 0.4291813532511393.
Initialized GNNModel with: internal_dimensions=64 , num_edge_convs=5 , gnn_step_dropout=0.10, classifier_dropout=0.10. Trainable parameters: 132097
Epoch 001/005 | Train Loss: 0.6667 | Val Loss: 0.6277 | Val AUROC: 0.7191 | LR: 0.000531
Epoch 002/005 | Train Loss: 0.5842 | Val Loss: 0.5521 | Val AUROC: 0.8257 | LR: 0.000531
Epoch 003/005 | Train Loss: 0.5194 | Val Loss: 0.5548 | Val AUROC: 0.8420 | LR: 0.000531
Epoch 004/005 | Train Loss: 0.4898 | Val Loss: 0.5985 | Val AUROC: 0.8143 | LR: 0.000531
Epoch 005/005 | Train Loss: 0.4641 | Val Loss: 0.5349 | Val AUROC: 0.8590 | LR: 0.000531
[I 2026-03-07 08:42:02,701] Trial 36 finished with value: 0.5348507643010881 and parameters: {'input_net_dropout': 0.05, 'internal_dimensions': 64, 'num_edge_convs': 5, 'gnn_step_dropout': 0.1, 'classifier_dropout': 0.1, 'lr_start': 0.0005312423767447443, 'l2_reg': 0.001466006537633792}. Best is trial 33 with value: 0.4291813532511393.
Initialized GNNModel with: internal_dimensions=64 , num_edge_convs=5 , gnn_step_dropout=0.10, classifier_dropout=0.10. Trainable parameters: 132097
Epoch 001/005 | Train Loss: 0.6848 | Val Loss: 0.7044 | Val AUROC: 0.6351 | LR: 0.000270
Epoch 002/005 | Train Loss: 0.6244 | Val Loss: 0.6799 | Val AUROC: 0.6902 | LR: 0.000270
Epoch 003/005 | Train Loss: 0.5860 | Val Loss: 0.6812 | Val AUROC: 0.7286 | LR: 0.000270
Epoch 004/005 | Train Loss: 0.5603 | Val Loss: 0.8185 | Val AUROC: 0.6683 | LR: 0.000270
Epoch 005/005 | Train Loss: 0.5422 | Val Loss: 0.7979 | Val AUROC: 0.6947 | LR: 0.000270
[I 2026-03-07 08:50:42,419] Trial 37 finished with value: 0.6798653270933364 and parameters: {'input_net_dropout': 0.05, 'internal_dimensions': 64, 'num_edge_convs': 5, 'gnn_step_dropout': 0.1, 'classifier_dropout': 0.1, 'lr_start': 0.00027044426692078355, 'l2_reg': 0.0028845711875129915}. Best is trial 33 with value: 0.4291813532511393.
Initialized GNNModel with: internal_dimensions=64 , num_edge_convs=6 , gnn_step_dropout=0.10, classifier_dropout=0.20. Trainable parameters: 153153
Epoch 001/005 | Train Loss: 0.6864 | Val Loss: 0.6671 | Val AUROC: 0.6335 | LR: 0.000888
Epoch 002/005 | Train Loss: 0.6408 | Val Loss: 0.5744 | Val AUROC: 0.7672 | LR: 0.000888
Epoch 003/005 | Train Loss: 0.5592 | Val Loss: 0.5035 | Val AUROC: 0.8385 | LR: 0.000888
Epoch 004/005 | Train Loss: 0.5161 | Val Loss: 0.5170 | Val AUROC: 0.8559 | LR: 0.000888
Epoch 005/005 | Train Loss: 0.4797 | Val Loss: 0.7492 | Val AUROC: 0.8336 | LR: 0.000888
[I 2026-03-07 09:00:45,172] Trial 38 finished with value: 0.5034813425805834 and parameters: {'input_net_dropout': 0.1, 'internal_dimensions': 64, 'num_edge_convs': 6, 'gnn_step_dropout': 0.1, 'classifier_dropout': 0.2, 'lr_start': 0.000888285729756764, 'l2_reg': 0.0043330795028942255}. Best is trial 33 with value: 0.4291813532511393.
Initialized GNNModel with: internal_dimensions=64 , num_edge_convs=4 , gnn_step_dropout=0.10, classifier_dropout=0.10. Trainable parameters: 111041
Epoch 001/005 | Train Loss: 0.6712 | Val Loss: 0.6154 | Val AUROC: 0.7117 | LR: 0.001250
Epoch 002/005 | Train Loss: 0.5598 | Val Loss: 0.5662 | Val AUROC: 0.8129 | LR: 0.001250
Epoch 003/005 | Train Loss: 0.4966 | Val Loss: 0.4793 | Val AUROC: 0.8783 | LR: 0.001250
Epoch 004/005 | Train Loss: 0.4648 | Val Loss: 0.5602 | Val AUROC: 0.8477 | LR: 0.001250
Epoch 005/005 | Train Loss: 0.4402 | Val Loss: 0.5949 | Val AUROC: 0.8592 | LR: 0.001250
[I 2026-03-07 09:08:41,274] Trial 39 finished with value: 0.47932491244210135 and parameters: {'input_net_dropout': 0.05, 'internal_dimensions': 64, 'num_edge_convs': 4, 'gnn_step_dropout': 0.1, 'classifier_dropout': 0.1, 'lr_start': 0.001249651546182362, 'l2_reg': 0.006833087902455689}. Best is trial 33 with value: 0.4291813532511393.
Initialized GNNModel with: internal_dimensions=128, num_edge_convs=7 , gnn_step_dropout=0.20, classifier_dropout=0.10. Trainable parameters: 686337
Epoch 001/005 | Train Loss: 0.6698 | Val Loss: 0.8330 | Val AUROC: 0.6490 | LR: 0.000374
Epoch 002/005 | Train Loss: 0.6159 | Val Loss: 0.8406 | Val AUROC: 0.6158 | LR: 0.000374
Epoch 003/005 | Train Loss: 0.5527 | Val Loss: 0.9536 | Val AUROC: 0.6065 | LR: 0.000374
Epoch 004/005 | Train Loss: 0.5037 | Val Loss: 1.2053 | Val AUROC: 0.5183 | LR: 0.000374
Epoch 005/005 | Train Loss: 0.4785 | Val Loss: 1.3636 | Val AUROC: 0.6137 | LR: 0.000374
[I 2026-03-07 10:35:35,507] Trial 40 finished with value: 0.8330403895907932 and parameters: {'input_net_dropout': 0.15000000000000002, 'internal_dimensions': 128, 'num_edge_convs': 7, 'gnn_step_dropout': 0.2, 'classifier_dropout': 0.1, 'lr_start': 0.00037391950006393504, 'l2_reg': 0.0043827837957541894}. Best is trial 33 with value: 0.4291813532511393.
Initialized GNNModel with: internal_dimensions=64 , num_edge_convs=5 , gnn_step_dropout=0.20, classifier_dropout=0.10. Trainable parameters: 132097
Epoch 001/005 | Train Loss: 0.6714 | Val Loss: 0.6112 | Val AUROC: 0.7138 | LR: 0.002061
Epoch 002/005 | Train Loss: 0.5796 | Val Loss: 0.6826 | Val AUROC: 0.7949 | LR: 0.002061
Epoch 003/005 | Train Loss: 0.5106 | Val Loss: 0.6492 | Val AUROC: 0.8353 | LR: 0.002061
Epoch 004/005 | Train Loss: 0.4747 | Val Loss: 0.5478 | Val AUROC: 0.8468 | LR: 0.002061
Epoch 005/005 | Train Loss: 0.4439 | Val Loss: 0.6709 | Val AUROC: 0.8529 | LR: 0.002061
[I 2026-03-07 10:44:21,972] Trial 41 finished with value: 0.5478381774160597 and parameters: {'input_net_dropout': 0.05, 'internal_dimensions': 64, 'num_edge_convs': 5, 'gnn_step_dropout': 0.2, 'classifier_dropout': 0.1, 'lr_start': 0.0020613870514037944, 'l2_reg': 0.009330887979281818}. Best is trial 33 with value: 0.4291813532511393.
Initialized GNNModel with: internal_dimensions=64 , num_edge_convs=6 , gnn_step_dropout=0.10, classifier_dropout=0.10. Trainable parameters: 153153
Epoch 001/005 | Train Loss: 0.6692 | Val Loss: 0.6115 | Val AUROC: 0.7296 | LR: 0.002669
Epoch 002/005 | Train Loss: 0.6002 | Val Loss: 0.6137 | Val AUROC: 0.8056 | LR: 0.002669
Epoch 003/005 | Train Loss: 0.5232 | Val Loss: 0.5191 | Val AUROC: 0.8467 | LR: 0.002669
Epoch 004/005 | Train Loss: 0.4850 | Val Loss: 0.4685 | Val AUROC: 0.8696 | LR: 0.002669
Epoch 005/005 | Train Loss: 0.4560 | Val Loss: 0.5249 | Val AUROC: 0.8827 | LR: 0.002669
[I 2026-03-07 10:55:00,340] Trial 42 finished with value: 0.4685220539569855 and parameters: {'input_net_dropout': 0.05, 'internal_dimensions': 64, 'num_edge_convs': 6, 'gnn_step_dropout': 0.1, 'classifier_dropout': 0.1, 'lr_start': 0.002669117997175113, 'l2_reg': 0.007600919989657114}. Best is trial 33 with value: 0.4291813532511393.
Initialized GNNModel with: internal_dimensions=64 , num_edge_convs=6 , gnn_step_dropout=0.10, classifier_dropout=0.10. Trainable parameters: 153153
Epoch 001/005 | Train Loss: 0.6689 | Val Loss: 0.7091 | Val AUROC: 0.6686 | LR: 0.001316
Epoch 002/005 | Train Loss: 0.5783 | Val Loss: 0.5313 | Val AUROC: 0.8413 | LR: 0.001316
Epoch 003/005 | Train Loss: 0.5004 | Val Loss: 0.5194 | Val AUROC: 0.8655 | LR: 0.001316
Epoch 004/005 | Train Loss: 0.4732 | Val Loss: 0.5763 | Val AUROC: 0.8240 | LR: 0.001316
Epoch 005/005 | Train Loss: 0.4473 | Val Loss: 0.7732 | Val AUROC: 0.8310 | LR: 0.001316
[I 2026-03-07 11:05:03,953] Trial 43 finished with value: 0.5193635844124688 and parameters: {'input_net_dropout': 0.1, 'internal_dimensions': 64, 'num_edge_convs': 6, 'gnn_step_dropout': 0.1, 'classifier_dropout': 0.1, 'lr_start': 0.0013161399690296333, 'l2_reg': 0.007221476423785519}. Best is trial 33 with value: 0.4291813532511393.
Initialized GNNModel with: internal_dimensions=64 , num_edge_convs=6 , gnn_step_dropout=0.10, classifier_dropout=0.10. Trainable parameters: 153153
Epoch 001/005 | Train Loss: 0.6738 | Val Loss: 0.6112 | Val AUROC: 0.7227 | LR: 0.002969
Epoch 002/005 | Train Loss: 0.5848 | Val Loss: 0.5725 | Val AUROC: 0.7902 | LR: 0.002969
Epoch 003/005 | Train Loss: 0.5333 | Val Loss: 0.5380 | Val AUROC: 0.8377 | LR: 0.002969
Epoch 004/005 | Train Loss: 0.4921 | Val Loss: 0.5245 | Val AUROC: 0.8577 | LR: 0.002969
Epoch 005/005 | Train Loss: 0.4696 | Val Loss: 0.4405 | Val AUROC: 0.8741 | LR: 0.002969
[I 2026-03-07 11:16:00,159] Trial 44 finished with value: 0.4404663772583008 and parameters: {'input_net_dropout': 0.05, 'internal_dimensions': 64, 'num_edge_convs': 6, 'gnn_step_dropout': 0.1, 'classifier_dropout': 0.1, 'lr_start': 0.002969344733316182, 'l2_reg': 0.003036549420481832}. Best is trial 33 with value: 0.4291813532511393.
Initialized GNNModel with: internal_dimensions=64 , num_edge_convs=7 , gnn_step_dropout=0.10, classifier_dropout=0.20. Trainable parameters: 174209
Epoch 001/005 | Train Loss: 0.6881 | Val Loss: 0.6604 | Val AUROC: 0.6352 | LR: 0.003233
Epoch 002/005 | Train Loss: 0.6423 | Val Loss: 0.6048 | Val AUROC: 0.7460 | LR: 0.003233
Epoch 003/005 | Train Loss: 0.5987 | Val Loss: 0.5556 | Val AUROC: 0.7866 | LR: 0.003233
Epoch 004/005 | Train Loss: 0.5597 | Val Loss: 0.5212 | Val AUROC: 0.8286 | LR: 0.003233
Epoch 005/005 | Train Loss: 0.5211 | Val Loss: 0.5066 | Val AUROC: 0.8491 | LR: 0.003233
